<?xml version="1.0" encoding="UTF-8"?>
<!-- Generated by org.testng.reporters.JUnitReportReporter -->
<testsuite hostname="MacBook-Air-2.local" failures="0" tests="1" name="mybharat.tests.SplashScreenTest" time="16.027" errors="0" timestamp="2025-09-22T11:12:35 IST" skipped="0">
  <testcase classname="mybharat.tests.SplashScreenTest" name="testSplashScreenFlow" time="16.027"/>
</testsuite> <!-- mybharat.tests.SplashScreenTest -->
