<?xml version="1.0" encoding="UTF-8"?>
<!-- Generated by org.testng.reporters.JUnitReportReporter -->
<testsuite hostname="MacBook-Air-2.local" failures="0" tests="1" name="mybharat.tests.HomePageTest" time="11.228" errors="0" timestamp="2025-09-22T11:12:35 IST" skipped="0">
  <testcase classname="mybharat.tests.HomePageTest" name="homePage_experientialLearningListing" time="11.228"/>
</testsuite> <!-- mybharat.tests.HomePageTest -->
